[backblue.gif]
[fade.gif]
[index.html]
[web/rdf.json]
[web/rdf-2.json]
[web/favicon.ico]
[web/utdanning_rdf363b.css]
[web/css_e2715454919486e7542e88d4b55a1a4e.css]
[web/logo.gif]
[web/dropdownbutton.gif]
[web/blank.gif]
[web/hoderegning_0.fullbredde.png]
[web/hoderegning_1.fullbredde.png]
[web/negative tall 1_0.fullbredde.jpg]
[web/negative tall 2.fullbredde.png]
[web/termometer1.normal.jpg]
[web/tallinje 2.png]
[web/shareicon.gif]
[web/printpdf.gif]
[web/print.gif]
[web/listenicon.gif]
[web/closeicon.gif]
[web/by-sa.png]
[web/menu764.html]
[web/ndlarektangular16h.png]
[web/utdanning_rdf363b.css]
[web/css_e2715454919486e7542e88d4b55a1a4e.css]
[web/logo.gif]
[web/tallinje 1.png]
[web/index.html]
